<?xml version="1.0" encoding="UTF-8"?>
<!-- Generated by org.testng.reporters.JUnitReportReporter -->
<testsuite skipped="0" hostname="LAPTOP-103PKHTO" name="AWSDocker.ChromeBrowserDockerDemo" tests="1" failures="0" timestamp="09 Nov 2021 02:17:38 GMT" time="59.005" errors="0">
  <testcase name="firstTest" time="59.005" classname="AWSDocker.ChromeBrowserDockerDemo"/>
</testsuite> <!-- AWSDocker.ChromeBrowserDockerDemo -->
