<?xml version="1.0" encoding="UTF-8"?>
<!-- Generated by org.testng.reporters.JUnitReportReporter -->
<testsuite skipped="0" hostname="LAPTOP-103PKHTO" name="AWSDocker.ChromeBrowserDockerDemo" tests="1" failures="0" timestamp="22 Nov 2021 18:42:25 GMT" time="30.127" errors="0">
  <testcase name="firstTest" time="30.127" classname="AWSDocker.ChromeBrowserDockerDemo"/>
</testsuite> <!-- AWSDocker.ChromeBrowserDockerDemo -->
