<?xml version="1.0" encoding="UTF-8"?>
<!-- Generated by org.testng.reporters.JUnitReportReporter -->
<testsuite skipped="0" hostname="LAPTOP-103PKHTO" name="AWSDocker.FFBrowserDockerDemo" tests="1" failures="0" timestamp="09 Nov 2021 02:17:38 GMT" time="36.122" errors="0">
  <testcase name="firstTest" time="36.122" classname="AWSDocker.FFBrowserDockerDemo"/>
</testsuite> <!-- AWSDocker.FFBrowserDockerDemo -->
