<?xml version="1.0" encoding="UTF-8"?>
<!-- Generated by org.testng.reporters.JUnitReportReporter -->
<testsuite hostname="LAPTOP-103PKHTO" name="SeleniumGridDockerDemo.DatabaseTestingWIthSelenium" tests="1" failures="0" timestamp="26 Mar 2021 02:44:15 GMT" time="87.558" errors="0">
  <testcase name="test" time="87.558" classname="SeleniumGridDockerDemo.DatabaseTestingWIthSelenium"/>
</testsuite> <!-- SeleniumGridDockerDemo.DatabaseTestingWIthSelenium -->
