<?xml version="1.0" encoding="UTF-8"?>
<!-- Generated by org.testng.reporters.JUnitReportReporter -->
<testsuite hostname="LAPTOP-103PKHTO" name="DockerParrallelDemo.GoogleFFSearchText" tests="1" failures="0" timestamp="14 Jun 2021 03:21:36 GMT" time="150.474" errors="0">
  <testcase name="verifyGoogleSearch" time="150.474" classname="DockerParrallelDemo.GoogleFFSearchText"/>
</testsuite> <!-- DockerParrallelDemo.GoogleFFSearchText -->
