<?xml version="1.0" encoding="UTF-8"?>
<!-- Generated by org.testng.reporters.JUnitReportReporter -->
<testsuite hostname="LAPTOP-103PKHTO" name="DockerParrallelDemo.GoogleChromeTest" tests="1" failures="0" timestamp="14 Jun 2021 03:21:35 GMT" time="86.174" errors="0">
  <testcase name="verifyChromeSearch" time="86.174" classname="DockerParrallelDemo.GoogleChromeTest"/>
</testsuite> <!-- DockerParrallelDemo.GoogleChromeTest -->
