<?xml version="1.0" encoding="UTF-8"?>
<!-- Generated by org.testng.reporters.JUnitReportReporter -->
<testsuite hostname="LAPTOP-103PKHTO" name="SeleniumGridDockerDemo.SeleniumGridDemo" tests="1" failures="0" timestamp="15 Mar 2021 01:11:16 GMT" time="53.484" errors="0">
  <testcase name="validLoginTest" time="53.484" classname="SeleniumGridDockerDemo.SeleniumGridDemo"/>
</testsuite> <!-- SeleniumGridDockerDemo.SeleniumGridDemo -->
