<?xml version="1.0" encoding="UTF-8"?>
<!-- Generated by org.testng.reporters.JUnitReportReporter -->
<testsuite hostname="LAPTOP-103PKHTO" name="SeleniumGridDockerDemo.DataDrivenFromExcel" tests="1" failures="0" timestamp="26 Mar 2021 01:49:34 GMT" time="3.818" errors="0">
  <testcase name="ReadData" time="3.818" classname="SeleniumGridDockerDemo.DataDrivenFromExcel"/>
</testsuite> <!-- SeleniumGridDockerDemo.DataDrivenFromExcel -->
