<?xml version="1.0" encoding="UTF-8"?>
<!-- Generated by org.testng.reporters.JUnitReportReporter -->
<testsuite skipped="0" hostname="LAPTOP-103PKHTO" name="AWSDocker.FFBrowserDockerDemo" tests="1" failures="0" timestamp="2021-11-08T21:56:38 EST" time="44.745" errors="0">
  <testcase name="firstTest" time="44.745" classname="AWSDocker.FFBrowserDockerDemo"/>
  <system-out/>
</testsuite> <!-- AWSDocker.FFBrowserDockerDemo -->
