<?xml version="1.0" encoding="UTF-8"?>
<!-- Generated by org.testng.reporters.JUnitReportReporter -->
<testsuite skipped="0" hostname="LAPTOP-103PKHTO" name="AWSDocker.ChromeBrowserDockerDemo" tests="1" failures="0" timestamp="2021-11-08T21:56:38 EST" time="22.611" errors="0">
  <testcase name="firstTest" time="22.611" classname="AWSDocker.ChromeBrowserDockerDemo"/>
  <system-out/>
</testsuite> <!-- AWSDocker.ChromeBrowserDockerDemo -->
